<?xml version="1.0" encoding="UTF-8"?>
<testng-results ignored="0" total="2" passed="2" failed="0" skipped="0">
  <reporter-output>
  </reporter-output>
  <suite started-at="2025-01-14T22:27:17 BDT" name="Default suite" finished-at="2025-01-14T22:27:49 BDT" duration-ms="31850">
    <groups>
    </groups>
    <test started-at="2025-01-14T22:27:17 BDT" name="Default test" finished-at="2025-01-14T22:27:49 BDT" duration-ms="31850">
      <class name="Main.mainTestClass">
        <test-method is-config="true" signature="ExtentSetUp()[pri:0, instance:Main.mainTestClass@dd05255]" started-at="2025-01-14T22:27:17 BDT" name="ExtentSetUp" finished-at="2025-01-14T22:27:17 BDT" duration-ms="486" status="PASS">
          <reporter-output>
          </reporter-output>
        </test-method> <!-- ExtentSetUp -->
        <test-method is-config="true" signature="setUp()[pri:0, instance:Main.mainTestClass@dd05255]" started-at="2025-01-14T22:27:17 BDT" name="setUp" finished-at="2025-01-14T22:27:24 BDT" duration-ms="7295" status="PASS">
          <reporter-output>
          </reporter-output>
        </test-method> <!-- setUp -->
        <test-method signature="SearchFunctionality()[pri:1, instance:Main.mainTestClass@dd05255]" started-at="2025-01-14T22:27:24 BDT" name="SearchFunctionality" finished-at="2025-01-14T22:27:27 BDT" duration-ms="2283" status="PASS">
          <reporter-output>
          </reporter-output>
        </test-method> <!-- SearchFunctionality -->
        <test-method is-config="true" signature="tearDown1()[pri:0, instance:Main.mainTestClass@dd05255]" started-at="2025-01-14T22:27:27 BDT" name="tearDown1" finished-at="2025-01-14T22:27:27 BDT" duration-ms="609" status="PASS">
          <reporter-output>
          </reporter-output>
        </test-method> <!-- tearDown1 -->
        <test-method is-config="true" signature="setUp()[pri:0, instance:Main.mainTestClass@dd05255]" started-at="2025-01-14T22:27:27 BDT" name="setUp" finished-at="2025-01-14T22:27:34 BDT" duration-ms="6346" status="PASS">
          <reporter-output>
          </reporter-output>
        </test-method> <!-- setUp -->
        <test-method signature="AddtoCartandRemove()[pri:2, instance:Main.mainTestClass@dd05255]" started-at="2025-01-14T22:27:34 BDT" name="AddtoCartandRemove" finished-at="2025-01-14T22:27:47 BDT" duration-ms="13121" status="PASS">
          <reporter-output>
          </reporter-output>
        </test-method> <!-- AddtoCartandRemove -->
        <test-method is-config="true" signature="tearDown1()[pri:0, instance:Main.mainTestClass@dd05255]" started-at="2025-01-14T22:27:47 BDT" name="tearDown1" finished-at="2025-01-14T22:27:49 BDT" duration-ms="2064" status="PASS">
          <reporter-output>
          </reporter-output>
        </test-method> <!-- tearDown1 -->
        <test-method is-config="true" signature="tearDwon()[pri:0, instance:Main.mainTestClass@dd05255]" started-at="2025-01-14T22:27:49 BDT" name="tearDwon" finished-at="2025-01-14T22:27:50 BDT" duration-ms="625" status="PASS">
          <reporter-output>
          </reporter-output>
        </test-method> <!-- tearDwon -->
      </class> <!-- Main.mainTestClass -->
    </test> <!-- Default test -->
  </suite> <!-- Default suite -->
</testng-results>
